  main.cpp
D:\PROJECTS\Project Harmony\Radar\iSYS-5220_2021-12-01\iSYS-5220\iSYS-5220 RadarAPI\iSYS5220_RadarAPI_ExampleProject\main.cpp(514,22): warning C4018: '<': signed/unsigned mismatch
D:\PROJECTS\Project Harmony\Radar\iSYS-5220_2021-12-01\iSYS-5220\iSYS-5220 RadarAPI\iSYS5220_RadarAPI_ExampleProject\main.cpp(65): warning C6340: Mismatch on sign: 'unsigned int' passed as _Param_(2) when some signed type is required in call to 'printf'.
D:\PROJECTS\Project Harmony\Radar\iSYS-5220_2021-12-01\iSYS-5220\iSYS-5220 RadarAPI\iSYS5220_RadarAPI_ExampleProject\main.cpp(66): warning C6340: Mismatch on sign: 'unsigned int' passed as _Param_(2) when some signed type is required in call to 'printf'.
D:\PROJECTS\Project Harmony\Radar\iSYS-5220_2021-12-01\iSYS-5220\iSYS-5220 RadarAPI\iSYS5220_RadarAPI_ExampleProject\main.cpp(67): warning C6340: Mismatch on sign: 'unsigned int' passed as _Param_(2) when some signed type is required in call to 'printf'.
D:\PROJECTS\Project Harmony\Radar\iSYS-5220_2021-12-01\iSYS-5220\iSYS-5220 RadarAPI\iSYS5220_RadarAPI_ExampleProject\main.cpp(67): warning C6340: Mismatch on sign: 'unsigned int' passed as _Param_(3) when some signed type is required in call to 'printf'.
D:\PROJECTS\Project Harmony\Radar\iSYS-5220_2021-12-01\iSYS-5220\iSYS-5220 RadarAPI\iSYS5220_RadarAPI_ExampleProject\main.cpp(68): warning C6340: Mismatch on sign: 'unsigned int' passed as _Param_(2) when some signed type is required in call to 'printf'.
D:\PROJECTS\Project Harmony\Radar\iSYS-5220_2021-12-01\iSYS-5220\iSYS-5220 RadarAPI\iSYS5220_RadarAPI_ExampleProject\main.cpp(68): warning C6340: Mismatch on sign: 'unsigned int' passed as _Param_(3) when some signed type is required in call to 'printf'.
D:\PROJECTS\Project Harmony\Radar\iSYS-5220_2021-12-01\iSYS-5220\iSYS-5220 RadarAPI\iSYS5220_RadarAPI_ExampleProject\main.cpp(215): warning C6340: Mismatch on sign: 'unsigned short' passed as _Param_(2) when some signed type is required in call to 'printf'.
D:\PROJECTS\Project Harmony\Radar\iSYS-5220_2021-12-01\iSYS-5220\iSYS-5220 RadarAPI\iSYS5220_RadarAPI_ExampleProject\main.cpp(215): warning C6340: Mismatch on sign: 'unsigned short' passed as _Param_(3) when some signed type is required in call to 'printf'.
D:\PROJECTS\Project Harmony\Radar\iSYS-5220_2021-12-01\iSYS-5220\iSYS-5220 RadarAPI\iSYS5220_RadarAPI_ExampleProject\main.cpp(215): warning C6340: Mismatch on sign: 'unsigned short' passed as _Param_(4) when some signed type is required in call to 'printf'.
D:\PROJECTS\Project Harmony\Radar\iSYS-5220_2021-12-01\iSYS-5220\iSYS-5220 RadarAPI\iSYS5220_RadarAPI_ExampleProject\main.cpp(216): warning C6340: Mismatch on sign: 'unsigned short' passed as _Param_(2) when some signed type is required in call to 'printf'.
D:\PROJECTS\Project Harmony\Radar\iSYS-5220_2021-12-01\iSYS-5220\iSYS-5220 RadarAPI\iSYS5220_RadarAPI_ExampleProject\main.cpp(216): warning C6340: Mismatch on sign: 'unsigned short' passed as _Param_(3) when some signed type is required in call to 'printf'.
D:\PROJECTS\Project Harmony\Radar\iSYS-5220_2021-12-01\iSYS-5220\iSYS-5220 RadarAPI\iSYS5220_RadarAPI_ExampleProject\main.cpp(216): warning C6340: Mismatch on sign: 'unsigned short' passed as _Param_(4) when some signed type is required in call to 'printf'.
D:\PROJECTS\Project Harmony\Radar\iSYS-5220_2021-12-01\iSYS-5220\iSYS-5220 RadarAPI\iSYS5220_RadarAPI_ExampleProject\main.cpp(237): warning C6340: Mismatch on sign: 'unsigned short' passed as _Param_(2) when some signed type is required in call to 'printf'.
D:\PROJECTS\Project Harmony\Radar\iSYS-5220_2021-12-01\iSYS-5220\iSYS-5220 RadarAPI\iSYS5220_RadarAPI_ExampleProject\main.cpp(313): warning C6340: Mismatch on sign: 'unsigned short' passed as _Param_(2) when some signed type is required in call to 'printf'.
D:\PROJECTS\Project Harmony\Radar\iSYS-5220_2021-12-01\iSYS-5220\iSYS-5220 RadarAPI\iSYS5220_RadarAPI_ExampleProject\main.cpp(364): warning C6340: Mismatch on sign: 'unsigned short' passed as _Param_(2) when some signed type is required in call to 'printf'.
D:\PROJECTS\Project Harmony\Radar\iSYS-5220_2021-12-01\iSYS-5220\iSYS-5220 RadarAPI\iSYS5220_RadarAPI_ExampleProject\main.cpp(450): warning C6340: Mismatch on sign: 'unsigned short' passed as _Param_(2) when some signed type is required in call to 'printf'.
D:\PROJECTS\Project Harmony\Radar\iSYS-5220_2021-12-01\iSYS-5220\iSYS-5220 RadarAPI\iSYS5220_RadarAPI_ExampleProject\main.cpp(512): warning C6340: Mismatch on sign: 'unsigned int' passed as _Param_(2) when some signed type is required in call to 'printf'.
D:\PROJECTS\Project Harmony\Radar\iSYS-5220_2021-12-01\iSYS-5220\iSYS-5220 RadarAPI\iSYS5220_RadarAPI_ExampleProject\main.cpp(515): warning C6340: Mismatch on sign: 'unsigned int' passed as _Param_(2) when some signed type is required in call to 'printf'.
D:\PROJECTS\Project Harmony\Radar\iSYS-5220_2021-12-01\iSYS-5220\iSYS-5220 RadarAPI\iSYS5220_RadarAPI_ExampleProject\main.cpp(516): warning C6340: Mismatch on sign: 'unsigned short' passed as _Param_(2) when some signed type is required in call to 'printf'.
D:\PROJECTS\Project Harmony\Radar\iSYS-5220_2021-12-01\iSYS-5220\iSYS-5220 RadarAPI\iSYS5220_RadarAPI_ExampleProject\main.cpp(495): warning C4715: 'isys5220_setup': not all control paths return a value
  iSYS5220.vcxproj -> C:\Users\MKOLTE\Documents\Visual Studio 2019\VScode\iSYS5220\x64\Debug\iSYS5220.exe
